2026-03-13 00:58:28,988 INFO httpx: HTTP Request: POST https://api.telegram.org/bot8530204214:AAFUQqKUeq85zjhzxvqqW1YuV1COqJMcp8I/getMe "HTTP/1.1 200 OK"
2026-03-13 00:58:29,904 INFO httpx: HTTP Request: POST https://api.telegram.org/bot8530204214:AAFUQqKUeq85zjhzxvqqW1YuV1COqJMcp8I/deleteWebhook "HTTP/1.1 200 OK"
2026-03-13 00:58:29,904 INFO apscheduler.scheduler: Scheduler started
2026-03-13 00:58:29,904 INFO telegram.ext.Application: Application started
2026-03-13 00:58:32,487 INFO httpx: HTTP Request: POST https://api.telegram.org/bot8530204214:AAFUQqKUeq85zjhzxvqqW1YuV1COqJMcp8I/getUpdates "HTTP/1.1 200 OK"
2026-03-13 00:58:32,487 INFO app.orchestrator.bot_service: update update_id=424834936 has_message=True has_channel_post=False has_edited_message=False has_callback_query=False
2026-03-13 00:58:32,492 INFO app.orchestrator.bot_service: recv chat_type=private chat_id=1665806363 user_id=1665806363 username=redjgray0506 message_id=84 content='你好，你叫什么'
2026-03-13 00:58:32,852 INFO httpx: HTTP Request: POST https://api.telegram.org/bot8530204214:AAFUQqKUeq85zjhzxvqqW1YuV1COqJMcp8I/getMe "HTTP/1.1 200 OK"
2026-03-13 00:58:33,392 INFO httpx: HTTP Request: POST https://api.telegram.org/bot8530204214:AAFUQqKUeq85zjhzxvqqW1YuV1COqJMcp8I/setMessageReaction "HTTP/1.1 200 OK"
2026-03-13 00:58:33,402 INFO app.orchestrator.bot_service: dialogue session=private:1665806363 context_ready relation_count=0 event_count=0
2026-03-13 00:58:33,939 INFO httpx: HTTP Request: POST https://api.telegram.org/bot8530204214:AAFUQqKUeq85zjhzxvqqW1YuV1COqJMcp8I/sendChatAction "HTTP/1.1 200 OK"
2026-03-13 00:58:34,896 INFO httpx: HTTP Request: POST https://api.telegram.org/bot8530204214:AAFUQqKUeq85zjhzxvqqW1YuV1COqJMcp8I/sendMessage "HTTP/1.1 200 OK"
2026-03-13 00:58:36,549 INFO httpx: HTTP Request: POST http://111.230.32.219:8000/v1/chat/completions "HTTP/1.1 200 OK"
2026-03-13 00:58:38,494 INFO httpx: HTTP Request: POST https://api.telegram.org/bot8530204214:AAFUQqKUeq85zjhzxvqqW1YuV1COqJMcp8I/sendChatAction "HTTP/1.1 200 OK"
2026-03-13 00:58:42,859 INFO httpx: HTTP Request: POST https://api.telegram.org/bot8530204214:AAFUQqKUeq85zjhzxvqqW1YuV1COqJMcp8I/getUpdates "HTTP/1.1 200 OK"
2026-03-13 00:58:43,068 INFO httpx: HTTP Request: POST https://api.telegram.org/bot8530204214:AAFUQqKUeq85zjhzxvqqW1YuV1COqJMcp8I/sendChatAction "HTTP/1.1 200 OK"
2026-03-13 00:58:44,889 INFO httpx: HTTP Request: POST https://api.telegram.org/bot8530204214:AAFUQqKUeq85zjhzxvqqW1YuV1COqJMcp8I/sendMessage "HTTP/1.1 200 OK"
2026-03-13 00:58:45,430 INFO httpx: HTTP Request: POST https://api.telegram.org/bot8530204214:AAFUQqKUeq85zjhzxvqqW1YuV1COqJMcp8I/setMessageReaction "HTTP/1.1 200 OK"
2026-03-13 00:58:53,230 INFO httpx: HTTP Request: POST https://api.telegram.org/bot8530204214:AAFUQqKUeq85zjhzxvqqW1YuV1COqJMcp8I/getUpdates "HTTP/1.1 200 OK"
2026-03-13 00:59:03,592 INFO httpx: HTTP Request: POST https://api.telegram.org/bot8530204214:AAFUQqKUeq85zjhzxvqqW1YuV1COqJMcp8I/getUpdates "HTTP/1.1 200 OK"
2026-03-13 00:59:04,812 INFO httpx: HTTP Request: POST https://api.telegram.org/bot8530204214:AAFUQqKUeq85zjhzxvqqW1YuV1COqJMcp8I/getUpdates "HTTP/1.1 200 OK"
2026-03-13 00:59:04,814 INFO app.orchestrator.bot_service: update update_id=424834937 has_message=True has_channel_post=False has_edited_message=False has_callback_query=False
2026-03-13 00:59:04,814 INFO app.orchestrator.bot_service: recv chat_type=private chat_id=1665806363 user_id=1665806363 username=redjgray0506 message_id=87 content='那我叫你蟹黄面🍝'
2026-03-13 00:59:06,870 INFO httpx: HTTP Request: POST https://api.telegram.org/bot8530204214:AAFUQqKUeq85zjhzxvqqW1YuV1COqJMcp8I/setMessageReaction "HTTP/1.1 200 OK"
2026-03-13 00:59:06,880 INFO app.orchestrator.bot_service: dialogue session=private:1665806363 context_ready relation_count=0 event_count=0
2026-03-13 00:59:07,452 INFO httpx: HTTP Request: POST https://api.telegram.org/bot8530204214:AAFUQqKUeq85zjhzxvqqW1YuV1COqJMcp8I/sendChatAction "HTTP/1.1 200 OK"
2026-03-13 00:59:08,377 INFO httpx: HTTP Request: POST https://api.telegram.org/bot8530204214:AAFUQqKUeq85zjhzxvqqW1YuV1COqJMcp8I/sendMessage "HTTP/1.1 200 OK"
2026-03-13 00:59:10,636 INFO httpx: HTTP Request: POST http://111.230.32.219:8000/v1/chat/completions "HTTP/1.1 200 OK"
2026-03-13 00:59:12,001 INFO httpx: HTTP Request: POST https://api.telegram.org/bot8530204214:AAFUQqKUeq85zjhzxvqqW1YuV1COqJMcp8I/sendChatAction "HTTP/1.1 200 OK"
2026-03-13 00:59:14,382 INFO httpx: HTTP Request: POST https://api.telegram.org/bot8530204214:AAFUQqKUeq85zjhzxvqqW1YuV1COqJMcp8I/sendMessage "HTTP/1.1 200 OK"
2026-03-13 00:59:14,982 INFO httpx: HTTP Request: POST https://api.telegram.org/bot8530204214:AAFUQqKUeq85zjhzxvqqW1YuV1COqJMcp8I/setMessageReaction "HTTP/1.1 200 OK"
2026-03-13 00:59:15,176 INFO httpx: HTTP Request: POST https://api.telegram.org/bot8530204214:AAFUQqKUeq85zjhzxvqqW1YuV1COqJMcp8I/getUpdates "HTTP/1.1 200 OK"
2026-03-13 00:59:20,392 INFO httpx: HTTP Request: POST https://api.telegram.org/bot8530204214:AAFUQqKUeq85zjhzxvqqW1YuV1COqJMcp8I/getUpdates "HTTP/1.1 200 OK"
2026-03-13 00:59:20,392 INFO app.orchestrator.bot_service: update update_id=424834938 has_message=True has_channel_post=False has_edited_message=False has_callback_query=False
2026-03-13 00:59:20,392 INFO app.orchestrator.bot_service: recv chat_type=private chat_id=1665806363 user_id=1665806363 username=redjgray0506 message_id=90 content='/teach'
2026-03-13 00:59:21,857 INFO httpx: HTTP Request: POST https://api.telegram.org/bot8530204214:AAFUQqKUeq85zjhzxvqqW1YuV1COqJMcp8I/sendMessage "HTTP/1.1 200 OK"
2026-03-13 00:59:21,857 INFO app.orchestrator.bot_service: teach session=private:1665806363 started
2026-03-13 00:59:28,686 INFO httpx: HTTP Request: POST http://111.230.32.219:8000/v1/chat/completions "HTTP/1.1 200 OK"
2026-03-13 00:59:28,687 INFO app.services.teach_service: teach session=private:1665806363 timelogic_start
2026-03-13 00:59:28,687 INFO app.orchestrator.bot_service: teach session=private:1665806363 TimeLogic started
2026-03-13 00:59:30,188 INFO httpx: HTTP Request: POST https://api.telegram.org/bot8530204214:AAFUQqKUeq85zjhzxvqqW1YuV1COqJMcp8I/sendMessage "HTTP/1.1 200 OK"
2026-03-13 00:59:30,761 INFO httpx: HTTP Request: POST https://api.telegram.org/bot8530204214:AAFUQqKUeq85zjhzxvqqW1YuV1COqJMcp8I/getUpdates "HTTP/1.1 200 OK"
2026-03-13 00:59:36,970 INFO httpx: HTTP Request: POST http://111.230.32.219:8000/v1/chat/completions "HTTP/1.1 200 OK"
2026-03-13 00:59:36,986 INFO app.services.teach_service: teach session=private:1665806363 timelogic_done:4
2026-03-13 00:59:36,986 INFO app.services.teach_service: teach session=private:1665806363 roleslogic_start
2026-03-13 00:59:36,986 INFO app.orchestrator.bot_service: teach session=private:1665806363 TimeLogic completed count=4
2026-03-13 00:59:36,986 INFO app.orchestrator.bot_service: teach session=private:1665806363 RolesLogic started
2026-03-13 00:59:38,449 INFO httpx: HTTP Request: POST https://api.telegram.org/bot8530204214:AAFUQqKUeq85zjhzxvqqW1YuV1COqJMcp8I/sendMessage "HTTP/1.1 200 OK"
2026-03-13 00:59:38,497 INFO httpx: HTTP Request: POST https://api.telegram.org/bot8530204214:AAFUQqKUeq85zjhzxvqqW1YuV1COqJMcp8I/sendMessage "HTTP/1.1 200 OK"
2026-03-13 00:59:41,130 INFO httpx: HTTP Request: POST https://api.telegram.org/bot8530204214:AAFUQqKUeq85zjhzxvqqW1YuV1COqJMcp8I/getUpdates "HTTP/1.1 200 OK"
2026-03-13 00:59:41,934 INFO httpx: HTTP Request: POST http://111.230.32.219:8000/v1/chat/completions "HTTP/1.1 200 OK"
2026-03-13 00:59:41,939 INFO app.services.teach_service: teach session=private:1665806363 roleslogic_done:4
2026-03-13 00:59:41,939 INFO app.orchestrator.bot_service: teach session=private:1665806363 RolesLogic completed count=4
2026-03-13 00:59:41,941 INFO app.orchestrator.bot_service: teach session=private:1665806363 completed result={'status': 'completed', 'messages': 4, 'time_events': 4, 'role_edges': 4}
2026-03-13 00:59:42,488 INFO httpx: HTTP Request: POST https://api.telegram.org/bot8530204214:AAFUQqKUeq85zjhzxvqqW1YuV1COqJMcp8I/sendMessage "HTTP/1.1 200 OK"
2026-03-13 00:59:42,507 INFO httpx: HTTP Request: POST https://api.telegram.org/bot8530204214:AAFUQqKUeq85zjhzxvqqW1YuV1COqJMcp8I/sendMessage "HTTP/1.1 200 OK"
2026-03-13 00:59:51,495 INFO httpx: HTTP Request: POST https://api.telegram.org/bot8530204214:AAFUQqKUeq85zjhzxvqqW1YuV1COqJMcp8I/getUpdates "HTTP/1.1 200 OK"
2026-03-13 01:00:01,857 INFO httpx: HTTP Request: POST https://api.telegram.org/bot8530204214:AAFUQqKUeq85zjhzxvqqW1YuV1COqJMcp8I/getUpdates "HTTP/1.1 200 OK"
2026-03-13 01:00:03,931 INFO httpx: HTTP Request: POST https://api.telegram.org/bot8530204214:AAFUQqKUeq85zjhzxvqqW1YuV1COqJMcp8I/getUpdates "HTTP/1.1 200 OK"
2026-03-13 01:00:03,932 INFO app.orchestrator.bot_service: update update_id=424834939 has_message=True has_channel_post=False has_edited_message=False has_callback_query=False
2026-03-13 01:00:03,933 INFO app.orchestrator.bot_service: recv chat_type=private chat_id=1665806363 user_id=1665806363 username=redjgray0506 message_id=97 content='你好，你叫什么'
2026-03-13 01:00:05,360 INFO httpx: HTTP Request: POST https://api.telegram.org/bot8530204214:AAFUQqKUeq85zjhzxvqqW1YuV1COqJMcp8I/setMessageReaction "HTTP/1.1 200 OK"
2026-03-13 01:00:05,365 INFO app.orchestrator.bot_service: dialogue session=private:1665806363 context_ready relation_count=4 event_count=4
2026-03-13 01:00:05,892 INFO httpx: HTTP Request: POST https://api.telegram.org/bot8530204214:AAFUQqKUeq85zjhzxvqqW1YuV1COqJMcp8I/sendChatAction "HTTP/1.1 200 OK"
2026-03-13 01:00:06,785 INFO httpx: HTTP Request: POST https://api.telegram.org/bot8530204214:AAFUQqKUeq85zjhzxvqqW1YuV1COqJMcp8I/sendMessage "HTTP/1.1 200 OK"
2026-03-13 01:00:08,469 INFO httpx: HTTP Request: POST http://111.230.32.219:8000/v1/chat/completions "HTTP/1.1 200 OK"
2026-03-13 01:00:10,415 INFO httpx: HTTP Request: POST https://api.telegram.org/bot8530204214:AAFUQqKUeq85zjhzxvqqW1YuV1COqJMcp8I/sendChatAction "HTTP/1.1 200 OK"
2026-03-13 01:00:11,953 INFO httpx: HTTP Request: POST https://api.telegram.org/bot8530204214:AAFUQqKUeq85zjhzxvqqW1YuV1COqJMcp8I/sendMessage "HTTP/1.1 200 OK"
2026-03-13 01:00:12,480 INFO httpx: HTTP Request: POST https://api.telegram.org/bot8530204214:AAFUQqKUeq85zjhzxvqqW1YuV1COqJMcp8I/setMessageReaction "HTTP/1.1 200 OK"
2026-03-13 01:00:14,302 INFO httpx: HTTP Request: POST https://api.telegram.org/bot8530204214:AAFUQqKUeq85zjhzxvqqW1YuV1COqJMcp8I/getUpdates "HTTP/1.1 200 OK"
2026-03-13 01:00:24,670 INFO httpx: HTTP Request: POST https://api.telegram.org/bot8530204214:AAFUQqKUeq85zjhzxvqqW1YuV1COqJMcp8I/getUpdates "HTTP/1.1 200 OK"
2026-03-13 01:00:35,046 INFO httpx: HTTP Request: POST https://api.telegram.org/bot8530204214:AAFUQqKUeq85zjhzxvqqW1YuV1COqJMcp8I/getUpdates "HTTP/1.1 200 OK"
2026-03-13 01:00:45,412 INFO httpx: HTTP Request: POST https://api.telegram.org/bot8530204214:AAFUQqKUeq85zjhzxvqqW1YuV1COqJMcp8I/getUpdates "HTTP/1.1 200 OK"
2026-03-13 01:00:49,049 INFO httpx: HTTP Request: POST https://api.telegram.org/bot8530204214:AAFUQqKUeq85zjhzxvqqW1YuV1COqJMcp8I/getUpdates "HTTP/1.1 200 OK"
2026-03-13 01:00:49,050 INFO app.orchestrator.bot_service: update update_id=424834940 has_message=True has_channel_post=False has_edited_message=False has_callback_query=False
2026-03-13 01:00:49,050 INFO app.orchestrator.bot_service: recv chat_type=private chat_id=1665806363 user_id=1665806363 username=redjgray0506 message_id=100 content='我不是叫你蟹黄面吗'
2026-03-13 01:00:50,572 INFO httpx: HTTP Request: POST https://api.telegram.org/bot8530204214:AAFUQqKUeq85zjhzxvqqW1YuV1COqJMcp8I/setMessageReaction "HTTP/1.1 200 OK"
2026-03-13 01:00:50,581 INFO app.orchestrator.bot_service: dialogue session=private:1665806363 context_ready relation_count=4 event_count=4
2026-03-13 01:00:51,132 INFO httpx: HTTP Request: POST https://api.telegram.org/bot8530204214:AAFUQqKUeq85zjhzxvqqW1YuV1COqJMcp8I/sendChatAction "HTTP/1.1 200 OK"
2026-03-13 01:00:52,066 INFO httpx: HTTP Request: POST https://api.telegram.org/bot8530204214:AAFUQqKUeq85zjhzxvqqW1YuV1COqJMcp8I/sendMessage "HTTP/1.1 200 OK"
2026-03-13 01:00:52,480 INFO httpx: HTTP Request: POST http://111.230.32.219:8000/v1/chat/completions "HTTP/1.1 200 OK"
2026-03-13 01:00:55,682 INFO httpx: HTTP Request: POST https://api.telegram.org/bot8530204214:AAFUQqKUeq85zjhzxvqqW1YuV1COqJMcp8I/sendChatAction "HTTP/1.1 200 OK"
2026-03-13 01:00:56,614 INFO httpx: HTTP Request: POST https://api.telegram.org/bot8530204214:AAFUQqKUeq85zjhzxvqqW1YuV1COqJMcp8I/sendMessage "HTTP/1.1 200 OK"
2026-03-13 01:00:57,182 INFO httpx: HTTP Request: POST https://api.telegram.org/bot8530204214:AAFUQqKUeq85zjhzxvqqW1YuV1COqJMcp8I/setMessageReaction "HTTP/1.1 200 OK"
2026-03-13 01:00:59,815 INFO httpx: HTTP Request: POST https://api.telegram.org/bot8530204214:AAFUQqKUeq85zjhzxvqqW1YuV1COqJMcp8I/getUpdates "HTTP/1.1 200 OK"
2026-03-13 01:01:10,182 INFO httpx: HTTP Request: POST https://api.telegram.org/bot8530204214:AAFUQqKUeq85zjhzxvqqW1YuV1COqJMcp8I/getUpdates "HTTP/1.1 200 OK"
2026-03-13 01:01:20,575 INFO httpx: HTTP Request: POST https://api.telegram.org/bot8530204214:AAFUQqKUeq85zjhzxvqqW1YuV1COqJMcp8I/getUpdates "HTTP/1.1 200 OK"
2026-03-13 01:01:30,947 INFO httpx: HTTP Request: POST https://api.telegram.org/bot8530204214:AAFUQqKUeq85zjhzxvqqW1YuV1COqJMcp8I/getUpdates "HTTP/1.1 200 OK"
2026-03-13 01:01:41,315 INFO httpx: HTTP Request: POST https://api.telegram.org/bot8530204214:AAFUQqKUeq85zjhzxvqqW1YuV1COqJMcp8I/getUpdates "HTTP/1.1 200 OK"
2026-03-13 01:01:51,688 INFO httpx: HTTP Request: POST https://api.telegram.org/bot8530204214:AAFUQqKUeq85zjhzxvqqW1YuV1COqJMcp8I/getUpdates "HTTP/1.1 200 OK"
2026-03-13 01:01:57,845 INFO httpx: HTTP Request: POST https://api.telegram.org/bot8530204214:AAFUQqKUeq85zjhzxvqqW1YuV1COqJMcp8I/getUpdates "HTTP/1.1 200 OK"
2026-03-13 01:01:57,845 INFO app.orchestrator.bot_service: update update_id=424834941 has_message=True has_channel_post=False has_edited_message=False has_callback_query=False
2026-03-13 01:01:57,845 INFO app.orchestrator.bot_service: recv chat_type=private chat_id=1665806363 user_id=1665806363 username=redjgray0506 message_id=103 content='我有那些关系'
2026-03-13 01:01:59,340 INFO httpx: HTTP Request: POST https://api.telegram.org/bot8530204214:AAFUQqKUeq85zjhzxvqqW1YuV1COqJMcp8I/setMessageReaction "HTTP/1.1 200 OK"
2026-03-13 01:01:59,356 INFO app.orchestrator.bot_service: dialogue session=private:1665806363 context_ready relation_count=4 event_count=4
2026-03-13 01:01:59,890 INFO httpx: HTTP Request: POST https://api.telegram.org/bot8530204214:AAFUQqKUeq85zjhzxvqqW1YuV1COqJMcp8I/sendChatAction "HTTP/1.1 200 OK"
2026-03-13 01:02:00,856 INFO httpx: HTTP Request: POST https://api.telegram.org/bot8530204214:AAFUQqKUeq85zjhzxvqqW1YuV1COqJMcp8I/sendMessage "HTTP/1.1 200 OK"
2026-03-13 01:02:02,497 INFO httpx: HTTP Request: POST http://111.230.32.219:8000/v1/chat/completions "HTTP/1.1 200 OK"
2026-03-13 01:02:04,453 INFO httpx: HTTP Request: POST https://api.telegram.org/bot8530204214:AAFUQqKUeq85zjhzxvqqW1YuV1COqJMcp8I/sendChatAction "HTTP/1.1 200 OK"
2026-03-13 01:02:06,695 INFO httpx: HTTP Request: POST https://api.telegram.org/bot8530204214:AAFUQqKUeq85zjhzxvqqW1YuV1COqJMcp8I/sendMessage "HTTP/1.1 200 OK"
2026-03-13 01:02:07,272 INFO httpx: HTTP Request: POST https://api.telegram.org/bot8530204214:AAFUQqKUeq85zjhzxvqqW1YuV1COqJMcp8I/setMessageReaction "HTTP/1.1 200 OK"
2026-03-13 01:02:08,214 INFO httpx: HTTP Request: POST https://api.telegram.org/bot8530204214:AAFUQqKUeq85zjhzxvqqW1YuV1COqJMcp8I/getUpdates "HTTP/1.1 200 OK"
2026-03-13 01:02:18,605 INFO httpx: HTTP Request: POST https://api.telegram.org/bot8530204214:AAFUQqKUeq85zjhzxvqqW1YuV1COqJMcp8I/getUpdates "HTTP/1.1 200 OK"
2026-03-13 01:02:18,969 INFO httpx: HTTP Request: POST https://api.telegram.org/bot8530204214:AAFUQqKUeq85zjhzxvqqW1YuV1COqJMcp8I/getUpdates "HTTP/1.1 200 OK"
2026-03-13 01:02:18,969 INFO app.orchestrator.bot_service: update update_id=424834942 has_message=True has_channel_post=False has_edited_message=False has_callback_query=False
2026-03-13 01:02:18,969 INFO app.orchestrator.bot_service: recv chat_type=private chat_id=1665806363 user_id=1665806363 username=redjgray0506 message_id=106 content='你加载的背景内容是什么'
2026-03-13 01:02:21,173 INFO httpx: HTTP Request: POST https://api.telegram.org/bot8530204214:AAFUQqKUeq85zjhzxvqqW1YuV1COqJMcp8I/setMessageReaction "HTTP/1.1 200 OK"
2026-03-13 01:02:21,191 INFO app.orchestrator.bot_service: dialogue session=private:1665806363 context_ready relation_count=4 event_count=4
2026-03-13 01:02:21,707 INFO httpx: HTTP Request: POST https://api.telegram.org/bot8530204214:AAFUQqKUeq85zjhzxvqqW1YuV1COqJMcp8I/sendChatAction "HTTP/1.1 200 OK"
2026-03-13 01:02:22,922 INFO httpx: HTTP Request: POST https://api.telegram.org/bot8530204214:AAFUQqKUeq85zjhzxvqqW1YuV1COqJMcp8I/sendMessage "HTTP/1.1 200 OK"
2026-03-13 01:02:24,647 INFO httpx: HTTP Request: POST http://111.230.32.219:8000/v1/chat/completions "HTTP/1.1 200 OK"
2026-03-13 01:02:26,260 INFO httpx: HTTP Request: POST https://api.telegram.org/bot8530204214:AAFUQqKUeq85zjhzxvqqW1YuV1COqJMcp8I/sendChatAction "HTTP/1.1 200 OK"
2026-03-13 01:02:28,291 INFO httpx: HTTP Request: POST https://api.telegram.org/bot8530204214:AAFUQqKUeq85zjhzxvqqW1YuV1COqJMcp8I/sendMessage "HTTP/1.1 200 OK"
2026-03-13 01:02:28,841 INFO httpx: HTTP Request: POST https://api.telegram.org/bot8530204214:AAFUQqKUeq85zjhzxvqqW1YuV1COqJMcp8I/setMessageReaction "HTTP/1.1 200 OK"
2026-03-13 01:02:29,341 INFO httpx: HTTP Request: POST https://api.telegram.org/bot8530204214:AAFUQqKUeq85zjhzxvqqW1YuV1COqJMcp8I/getUpdates "HTTP/1.1 200 OK"
2026-03-13 01:02:39,709 INFO httpx: HTTP Request: POST https://api.telegram.org/bot8530204214:AAFUQqKUeq85zjhzxvqqW1YuV1COqJMcp8I/getUpdates "HTTP/1.1 200 OK"
2026-03-13 01:02:50,081 INFO httpx: HTTP Request: POST https://api.telegram.org/bot8530204214:AAFUQqKUeq85zjhzxvqqW1YuV1COqJMcp8I/getUpdates "HTTP/1.1 200 OK"
2026-03-13 01:03:00,448 INFO httpx: HTTP Request: POST https://api.telegram.org/bot8530204214:AAFUQqKUeq85zjhzxvqqW1YuV1COqJMcp8I/getUpdates "HTTP/1.1 200 OK"
2026-03-13 01:03:10,830 INFO httpx: HTTP Request: POST https://api.telegram.org/bot8530204214:AAFUQqKUeq85zjhzxvqqW1YuV1COqJMcp8I/getUpdates "HTTP/1.1 200 OK"
2026-03-13 01:03:20,795 INFO httpx: HTTP Request: POST https://api.telegram.org/bot8530204214:AAFUQqKUeq85zjhzxvqqW1YuV1COqJMcp8I/getUpdates "HTTP/1.1 200 OK"
2026-03-13 01:03:20,795 INFO app.orchestrator.bot_service: update update_id=424834943 has_message=True has_channel_post=False has_edited_message=False has_callback_query=False
2026-03-13 01:03:20,796 INFO app.orchestrator.bot_service: recv chat_type=private chat_id=1665806363 user_id=1665806363 username=redjgray0506 message_id=109 content='我是谁'
2026-03-13 01:03:22,301 INFO httpx: HTTP Request: POST https://api.telegram.org/bot8530204214:AAFUQqKUeq85zjhzxvqqW1YuV1COqJMcp8I/setMessageReaction "HTTP/1.1 200 OK"
2026-03-13 01:03:22,310 INFO app.orchestrator.bot_service: dialogue session=private:1665806363 context_ready relation_count=4 event_count=4
2026-03-13 01:03:22,946 INFO httpx: HTTP Request: POST https://api.telegram.org/bot8530204214:AAFUQqKUeq85zjhzxvqqW1YuV1COqJMcp8I/sendChatAction "HTTP/1.1 200 OK"
2026-03-13 01:03:23,777 INFO httpx: HTTP Request: POST https://api.telegram.org/bot8530204214:AAFUQqKUeq85zjhzxvqqW1YuV1COqJMcp8I/sendMessage "HTTP/1.1 200 OK"
2026-03-13 01:03:24,526 INFO httpx: HTTP Request: POST http://111.230.32.219:8000/v1/chat/completions "HTTP/1.1 200 OK"
2026-03-13 01:03:27,499 INFO httpx: HTTP Request: POST https://api.telegram.org/bot8530204214:AAFUQqKUeq85zjhzxvqqW1YuV1COqJMcp8I/sendChatAction "HTTP/1.1 200 OK"
2026-03-13 01:03:28,553 INFO httpx: HTTP Request: POST https://api.telegram.org/bot8530204214:AAFUQqKUeq85zjhzxvqqW1YuV1COqJMcp8I/sendMessage "HTTP/1.1 200 OK"
2026-03-13 01:03:29,112 INFO httpx: HTTP Request: POST https://api.telegram.org/bot8530204214:AAFUQqKUeq85zjhzxvqqW1YuV1COqJMcp8I/setMessageReaction "HTTP/1.1 200 OK"
2026-03-13 01:03:31,163 INFO httpx: HTTP Request: POST https://api.telegram.org/bot8530204214:AAFUQqKUeq85zjhzxvqqW1YuV1COqJMcp8I/getUpdates "HTTP/1.1 200 OK"
2026-03-13 01:03:41,558 INFO httpx: HTTP Request: POST https://api.telegram.org/bot8530204214:AAFUQqKUeq85zjhzxvqqW1YuV1COqJMcp8I/getUpdates "HTTP/1.1 200 OK"
2026-03-13 01:03:51,927 INFO httpx: HTTP Request: POST https://api.telegram.org/bot8530204214:AAFUQqKUeq85zjhzxvqqW1YuV1COqJMcp8I/getUpdates "HTTP/1.1 200 OK"
2026-03-13 01:04:02,290 INFO httpx: HTTP Request: POST https://api.telegram.org/bot8530204214:AAFUQqKUeq85zjhzxvqqW1YuV1COqJMcp8I/getUpdates "HTTP/1.1 200 OK"
2026-03-13 01:04:12,655 INFO httpx: HTTP Request: POST https://api.telegram.org/bot8530204214:AAFUQqKUeq85zjhzxvqqW1YuV1COqJMcp8I/getUpdates "HTTP/1.1 200 OK"
2026-03-13 01:04:23,027 INFO httpx: HTTP Request: POST https://api.telegram.org/bot8530204214:AAFUQqKUeq85zjhzxvqqW1YuV1COqJMcp8I/getUpdates "HTTP/1.1 200 OK"
2026-03-13 01:04:33,388 INFO httpx: HTTP Request: POST https://api.telegram.org/bot8530204214:AAFUQqKUeq85zjhzxvqqW1YuV1COqJMcp8I/getUpdates "HTTP/1.1 200 OK"
2026-03-13 01:04:43,759 INFO httpx: HTTP Request: POST https://api.telegram.org/bot8530204214:AAFUQqKUeq85zjhzxvqqW1YuV1COqJMcp8I/getUpdates "HTTP/1.1 200 OK"
2026-03-13 01:04:54,122 INFO httpx: HTTP Request: POST https://api.telegram.org/bot8530204214:AAFUQqKUeq85zjhzxvqqW1YuV1COqJMcp8I/getUpdates "HTTP/1.1 200 OK"
2026-03-13 01:05:04,483 INFO httpx: HTTP Request: POST https://api.telegram.org/bot8530204214:AAFUQqKUeq85zjhzxvqqW1YuV1COqJMcp8I/getUpdates "HTTP/1.1 200 OK"
2026-03-13 01:05:14,846 INFO httpx: HTTP Request: POST https://api.telegram.org/bot8530204214:AAFUQqKUeq85zjhzxvqqW1YuV1COqJMcp8I/getUpdates "HTTP/1.1 200 OK"
2026-03-13 01:05:25,210 INFO httpx: HTTP Request: POST https://api.telegram.org/bot8530204214:AAFUQqKUeq85zjhzxvqqW1YuV1COqJMcp8I/getUpdates "HTTP/1.1 200 OK"
2026-03-13 01:05:35,581 INFO httpx: HTTP Request: POST https://api.telegram.org/bot8530204214:AAFUQqKUeq85zjhzxvqqW1YuV1COqJMcp8I/getUpdates "HTTP/1.1 200 OK"
2026-03-13 01:05:45,946 INFO httpx: HTTP Request: POST https://api.telegram.org/bot8530204214:AAFUQqKUeq85zjhzxvqqW1YuV1COqJMcp8I/getUpdates "HTTP/1.1 200 OK"
2026-03-13 01:05:56,305 INFO httpx: HTTP Request: POST https://api.telegram.org/bot8530204214:AAFUQqKUeq85zjhzxvqqW1YuV1COqJMcp8I/getUpdates "HTTP/1.1 200 OK"
2026-03-13 01:06:06,686 INFO httpx: HTTP Request: POST https://api.telegram.org/bot8530204214:AAFUQqKUeq85zjhzxvqqW1YuV1COqJMcp8I/getUpdates "HTTP/1.1 200 OK"
2026-03-13 01:06:17,078 INFO httpx: HTTP Request: POST https://api.telegram.org/bot8530204214:AAFUQqKUeq85zjhzxvqqW1YuV1COqJMcp8I/getUpdates "HTTP/1.1 200 OK"
2026-03-13 01:06:27,443 INFO httpx: HTTP Request: POST https://api.telegram.org/bot8530204214:AAFUQqKUeq85zjhzxvqqW1YuV1COqJMcp8I/getUpdates "HTTP/1.1 200 OK"
2026-03-13 01:06:37,806 INFO httpx: HTTP Request: POST https://api.telegram.org/bot8530204214:AAFUQqKUeq85zjhzxvqqW1YuV1COqJMcp8I/getUpdates "HTTP/1.1 200 OK"
2026-03-13 01:06:58,138 INFO httpx: HTTP Request: POST https://api.telegram.org/bot8530204214:AAFUQqKUeq85zjhzxvqqW1YuV1COqJMcp8I/getMe "HTTP/1.1 200 OK"
2026-03-13 01:06:58,494 INFO httpx: HTTP Request: POST https://api.telegram.org/bot8530204214:AAFUQqKUeq85zjhzxvqqW1YuV1COqJMcp8I/deleteWebhook "HTTP/1.1 200 OK"
2026-03-13 01:06:58,494 INFO apscheduler.scheduler: Scheduler started
2026-03-13 01:06:58,494 INFO telegram.ext.Application: Application started
2026-03-13 01:07:09,824 INFO httpx: HTTP Request: POST https://api.telegram.org/bot8530204214:AAFUQqKUeq85zjhzxvqqW1YuV1COqJMcp8I/getUpdates "HTTP/1.1 200 OK"
2026-03-13 01:07:20,202 INFO httpx: HTTP Request: POST https://api.telegram.org/bot8530204214:AAFUQqKUeq85zjhzxvqqW1YuV1COqJMcp8I/getUpdates "HTTP/1.1 200 OK"
2026-03-13 01:07:30,585 INFO httpx: HTTP Request: POST https://api.telegram.org/bot8530204214:AAFUQqKUeq85zjhzxvqqW1YuV1COqJMcp8I/getUpdates "HTTP/1.1 200 OK"
2026-03-13 01:07:40,979 INFO httpx: HTTP Request: POST https://api.telegram.org/bot8530204214:AAFUQqKUeq85zjhzxvqqW1YuV1COqJMcp8I/getUpdates "HTTP/1.1 200 OK"
2026-03-13 01:07:51,380 INFO httpx: HTTP Request: POST https://api.telegram.org/bot8530204214:AAFUQqKUeq85zjhzxvqqW1YuV1COqJMcp8I/getUpdates "HTTP/1.1 200 OK"
2026-03-13 01:08:01,761 INFO httpx: HTTP Request: POST https://api.telegram.org/bot8530204214:AAFUQqKUeq85zjhzxvqqW1YuV1COqJMcp8I/getUpdates "HTTP/1.1 200 OK"
2026-03-13 01:08:12,135 INFO httpx: HTTP Request: POST https://api.telegram.org/bot8530204214:AAFUQqKUeq85zjhzxvqqW1YuV1COqJMcp8I/getUpdates "HTTP/1.1 200 OK"
2026-03-13 01:08:22,513 INFO httpx: HTTP Request: POST https://api.telegram.org/bot8530204214:AAFUQqKUeq85zjhzxvqqW1YuV1COqJMcp8I/getUpdates "HTTP/1.1 200 OK"
2026-03-13 01:08:32,891 INFO httpx: HTTP Request: POST https://api.telegram.org/bot8530204214:AAFUQqKUeq85zjhzxvqqW1YuV1COqJMcp8I/getUpdates "HTTP/1.1 200 OK"
2026-03-13 01:08:43,266 INFO httpx: HTTP Request: POST https://api.telegram.org/bot8530204214:AAFUQqKUeq85zjhzxvqqW1YuV1COqJMcp8I/getUpdates "HTTP/1.1 200 OK"
2026-03-13 01:08:53,633 INFO httpx: HTTP Request: POST https://api.telegram.org/bot8530204214:AAFUQqKUeq85zjhzxvqqW1YuV1COqJMcp8I/getUpdates "HTTP/1.1 200 OK"
2026-03-13 01:09:00,554 INFO httpx: HTTP Request: POST https://api.telegram.org/bot8530204214:AAFUQqKUeq85zjhzxvqqW1YuV1COqJMcp8I/getUpdates "HTTP/1.1 200 OK"
2026-03-13 01:09:00,554 INFO telegram.ext.Application: Application is stopping. This might take a moment.
2026-03-13 01:09:00,554 INFO apscheduler.scheduler: Scheduler has been shut down
2026-03-13 01:09:00,554 INFO telegram.ext.Application: Application.stop() complete
2026-03-13 01:09:15,039 INFO httpx: HTTP Request: POST https://api.telegram.org/bot8530204214:AAFUQqKUeq85zjhzxvqqW1YuV1COqJMcp8I/getMe "HTTP/1.1 200 OK"
2026-03-13 01:09:15,413 INFO httpx: HTTP Request: POST https://api.telegram.org/bot8530204214:AAFUQqKUeq85zjhzxvqqW1YuV1COqJMcp8I/deleteWebhook "HTTP/1.1 200 OK"
2026-03-13 01:09:15,416 INFO apscheduler.scheduler: Scheduler started
2026-03-13 01:09:15,416 INFO telegram.ext.Application: Application started
2026-03-13 01:09:16,658 INFO httpx: HTTP Request: POST https://api.telegram.org/bot8530204214:AAFUQqKUeq85zjhzxvqqW1YuV1COqJMcp8I/getUpdates "HTTP/1.1 200 OK"
2026-03-13 01:09:16,658 INFO app.orchestrator.bot_service: update update_id=424834944 has_message=True has_channel_post=False has_edited_message=False has_callback_query=False
2026-03-13 01:09:16,658 INFO app.orchestrator.bot_service: recv chat_type=private chat_id=1665806363 user_id=1665806363 username=redjgray0506 message_id=112 content='hello'
2026-03-13 01:09:17,032 INFO httpx: HTTP Request: POST https://api.telegram.org/bot8530204214:AAFUQqKUeq85zjhzxvqqW1YuV1COqJMcp8I/getMe "HTTP/1.1 200 OK"
2026-03-13 01:09:17,586 INFO httpx: HTTP Request: POST https://api.telegram.org/bot8530204214:AAFUQqKUeq85zjhzxvqqW1YuV1COqJMcp8I/setMessageReaction "HTTP/1.1 200 OK"
2026-03-13 01:09:17,606 INFO app.orchestrator.bot_service: dialogue session=private:1665806363 context_ready relation_count=4 event_count=4
2026-03-13 01:09:18,148 INFO httpx: HTTP Request: POST https://api.telegram.org/bot8530204214:AAFUQqKUeq85zjhzxvqqW1YuV1COqJMcp8I/sendChatAction "HTTP/1.1 200 OK"
2026-03-13 01:09:19,070 INFO httpx: HTTP Request: POST https://api.telegram.org/bot8530204214:AAFUQqKUeq85zjhzxvqqW1YuV1COqJMcp8I/sendMessage "HTTP/1.1 200 OK"
2026-03-13 01:09:20,447 INFO httpx: HTTP Request: POST http://111.230.32.219:8000/v1/chat/completions "HTTP/1.1 200 OK"
2026-03-13 01:09:22,922 INFO httpx: HTTP Request: POST https://api.telegram.org/bot8530204214:AAFUQqKUeq85zjhzxvqqW1YuV1COqJMcp8I/sendChatAction "HTTP/1.1 200 OK"
2026-03-13 01:09:27,018 INFO httpx: HTTP Request: POST https://api.telegram.org/bot8530204214:AAFUQqKUeq85zjhzxvqqW1YuV1COqJMcp8I/getUpdates "HTTP/1.1 200 OK"
2026-03-13 01:09:27,507 INFO httpx: HTTP Request: POST https://api.telegram.org/bot8530204214:AAFUQqKUeq85zjhzxvqqW1YuV1COqJMcp8I/sendChatAction "HTTP/1.1 200 OK"
2026-03-13 01:09:32,099 INFO httpx: HTTP Request: POST https://api.telegram.org/bot8530204214:AAFUQqKUeq85zjhzxvqqW1YuV1COqJMcp8I/sendChatAction "HTTP/1.1 200 OK"
2026-03-13 01:09:36,651 INFO httpx: HTTP Request: POST https://api.telegram.org/bot8530204214:AAFUQqKUeq85zjhzxvqqW1YuV1COqJMcp8I/sendChatAction "HTTP/1.1 200 OK"
2026-03-13 01:09:37,396 INFO httpx: HTTP Request: POST https://api.telegram.org/bot8530204214:AAFUQqKUeq85zjhzxvqqW1YuV1COqJMcp8I/getUpdates "HTTP/1.1 200 OK"
2026-03-13 01:09:41,242 INFO httpx: HTTP Request: POST https://api.telegram.org/bot8530204214:AAFUQqKUeq85zjhzxvqqW1YuV1COqJMcp8I/sendChatAction "HTTP/1.1 200 OK"
2026-03-13 01:09:45,796 INFO httpx: HTTP Request: POST https://api.telegram.org/bot8530204214:AAFUQqKUeq85zjhzxvqqW1YuV1COqJMcp8I/sendChatAction "HTTP/1.1 200 OK"
2026-03-13 01:09:47,755 INFO httpx: HTTP Request: POST https://api.telegram.org/bot8530204214:AAFUQqKUeq85zjhzxvqqW1YuV1COqJMcp8I/getUpdates "HTTP/1.1 200 OK"
2026-03-13 01:09:50,363 INFO httpx: HTTP Request: POST https://api.telegram.org/bot8530204214:AAFUQqKUeq85zjhzxvqqW1YuV1COqJMcp8I/sendChatAction "HTTP/1.1 200 OK"
2026-03-13 01:09:54,929 INFO httpx: HTTP Request: POST https://api.telegram.org/bot8530204214:AAFUQqKUeq85zjhzxvqqW1YuV1COqJMcp8I/sendChatAction "HTTP/1.1 200 OK"
2026-03-13 01:09:58,114 INFO httpx: HTTP Request: POST https://api.telegram.org/bot8530204214:AAFUQqKUeq85zjhzxvqqW1YuV1COqJMcp8I/getUpdates "HTTP/1.1 200 OK"
2026-03-13 01:09:59,504 INFO httpx: HTTP Request: POST https://api.telegram.org/bot8530204214:AAFUQqKUeq85zjhzxvqqW1YuV1COqJMcp8I/sendChatAction "HTTP/1.1 200 OK"
2026-03-13 01:10:04,062 INFO httpx: HTTP Request: POST https://api.telegram.org/bot8530204214:AAFUQqKUeq85zjhzxvqqW1YuV1COqJMcp8I/sendChatAction "HTTP/1.1 200 OK"
2026-03-13 01:10:08,477 INFO httpx: HTTP Request: POST https://api.telegram.org/bot8530204214:AAFUQqKUeq85zjhzxvqqW1YuV1COqJMcp8I/getUpdates "HTTP/1.1 200 OK"
2026-03-13 01:10:08,627 INFO httpx: HTTP Request: POST https://api.telegram.org/bot8530204214:AAFUQqKUeq85zjhzxvqqW1YuV1COqJMcp8I/sendChatAction "HTTP/1.1 200 OK"
2026-03-13 01:10:13,172 INFO httpx: HTTP Request: POST https://api.telegram.org/bot8530204214:AAFUQqKUeq85zjhzxvqqW1YuV1COqJMcp8I/sendChatAction "HTTP/1.1 200 OK"
2026-03-13 01:10:17,731 INFO httpx: HTTP Request: POST https://api.telegram.org/bot8530204214:AAFUQqKUeq85zjhzxvqqW1YuV1COqJMcp8I/sendChatAction "HTTP/1.1 200 OK"
2026-03-13 01:10:19,657 INFO httpx: HTTP Request: POST https://api.telegram.org/bot8530204214:AAFUQqKUeq85zjhzxvqqW1YuV1COqJMcp8I/getUpdates "HTTP/1.1 200 OK"
2026-03-13 01:10:23,065 INFO httpx: HTTP Request: POST https://api.telegram.org/bot8530204214:AAFUQqKUeq85zjhzxvqqW1YuV1COqJMcp8I/sendChatAction "HTTP/1.1 200 OK"
2026-03-13 01:10:28,136 INFO httpx: HTTP Request: POST https://api.telegram.org/bot8530204214:AAFUQqKUeq85zjhzxvqqW1YuV1COqJMcp8I/sendChatAction "HTTP/1.1 200 OK"
2026-03-13 01:10:30,043 INFO httpx: HTTP Request: POST https://api.telegram.org/bot8530204214:AAFUQqKUeq85zjhzxvqqW1YuV1COqJMcp8I/getUpdates "HTTP/1.1 200 OK"
2026-03-13 01:10:32,701 INFO httpx: HTTP Request: POST https://api.telegram.org/bot8530204214:AAFUQqKUeq85zjhzxvqqW1YuV1COqJMcp8I/sendChatAction "HTTP/1.1 200 OK"
2026-03-13 01:10:40,408 INFO httpx: HTTP Request: POST https://api.telegram.org/bot8530204214:AAFUQqKUeq85zjhzxvqqW1YuV1COqJMcp8I/getUpdates "HTTP/1.1 200 OK"
2026-03-13 01:10:41,147 INFO httpx: HTTP Request: POST https://api.telegram.org/bot8530204214:AAFUQqKUeq85zjhzxvqqW1YuV1COqJMcp8I/sendMessage "HTTP/1.1 200 OK"
2026-03-13 01:10:41,693 INFO httpx: HTTP Request: POST https://api.telegram.org/bot8530204214:AAFUQqKUeq85zjhzxvqqW1YuV1COqJMcp8I/setMessageReaction "HTTP/1.1 200 OK"
2026-03-13 01:10:51,243 INFO httpx: HTTP Request: POST https://api.telegram.org/bot8530204214:AAFUQqKUeq85zjhzxvqqW1YuV1COqJMcp8I/getUpdates "HTTP/1.1 200 OK"
2026-03-13 01:11:01,596 INFO httpx: HTTP Request: POST https://api.telegram.org/bot8530204214:AAFUQqKUeq85zjhzxvqqW1YuV1COqJMcp8I/getUpdates "HTTP/1.1 200 OK"
2026-03-13 01:11:03,689 INFO httpx: HTTP Request: POST https://api.telegram.org/bot8530204214:AAFUQqKUeq85zjhzxvqqW1YuV1COqJMcp8I/getUpdates "HTTP/1.1 200 OK"
2026-03-13 01:11:03,689 INFO app.orchestrator.bot_service: update update_id=424834945 has_message=True has_channel_post=False has_edited_message=False has_callback_query=False
2026-03-13 01:11:03,689 INFO app.orchestrator.bot_service: recv chat_type=private chat_id=1665806363 user_id=1665806363 username=redjgray0506 message_id=115 content='索尼大法好'
2026-03-13 01:11:05,136 INFO httpx: HTTP Request: POST https://api.telegram.org/bot8530204214:AAFUQqKUeq85zjhzxvqqW1YuV1COqJMcp8I/setMessageReaction "HTTP/1.1 200 OK"
2026-03-13 01:11:05,157 INFO app.orchestrator.bot_service: dialogue session=private:1665806363 context_ready relation_count=4 event_count=4
2026-03-13 01:11:05,703 INFO httpx: HTTP Request: POST https://api.telegram.org/bot8530204214:AAFUQqKUeq85zjhzxvqqW1YuV1COqJMcp8I/sendChatAction "HTTP/1.1 200 OK"
2026-03-13 01:11:06,670 INFO httpx: HTTP Request: POST https://api.telegram.org/bot8530204214:AAFUQqKUeq85zjhzxvqqW1YuV1COqJMcp8I/sendMessage "HTTP/1.1 200 OK"
2026-03-13 01:11:08,614 INFO httpx: HTTP Request: POST http://111.230.32.219:8000/v1/chat/completions "HTTP/1.1 200 OK"
2026-03-13 01:11:10,222 INFO httpx: HTTP Request: POST https://api.telegram.org/bot8530204214:AAFUQqKUeq85zjhzxvqqW1YuV1COqJMcp8I/sendChatAction "HTTP/1.1 200 OK"
2026-03-13 01:11:14,053 INFO httpx: HTTP Request: POST https://api.telegram.org/bot8530204214:AAFUQqKUeq85zjhzxvqqW1YuV1COqJMcp8I/getUpdates "HTTP/1.1 200 OK"
2026-03-13 01:11:14,778 INFO httpx: HTTP Request: POST https://api.telegram.org/bot8530204214:AAFUQqKUeq85zjhzxvqqW1YuV1COqJMcp8I/sendChatAction "HTTP/1.1 200 OK"
2026-03-13 01:11:19,307 INFO httpx: HTTP Request: POST https://api.telegram.org/bot8530204214:AAFUQqKUeq85zjhzxvqqW1YuV1COqJMcp8I/sendChatAction "HTTP/1.1 200 OK"
2026-03-13 01:11:23,854 INFO httpx: HTTP Request: POST https://api.telegram.org/bot8530204214:AAFUQqKUeq85zjhzxvqqW1YuV1COqJMcp8I/sendChatAction "HTTP/1.1 200 OK"
2026-03-13 01:11:24,415 INFO httpx: HTTP Request: POST https://api.telegram.org/bot8530204214:AAFUQqKUeq85zjhzxvqqW1YuV1COqJMcp8I/getUpdates "HTTP/1.1 200 OK"
2026-03-13 01:11:28,402 INFO httpx: HTTP Request: POST https://api.telegram.org/bot8530204214:AAFUQqKUeq85zjhzxvqqW1YuV1COqJMcp8I/sendChatAction "HTTP/1.1 200 OK"
2026-03-13 01:11:33,027 INFO httpx: HTTP Request: POST https://api.telegram.org/bot8530204214:AAFUQqKUeq85zjhzxvqqW1YuV1COqJMcp8I/sendChatAction "HTTP/1.1 200 OK"
2026-03-13 01:11:34,772 INFO httpx: HTTP Request: POST https://api.telegram.org/bot8530204214:AAFUQqKUeq85zjhzxvqqW1YuV1COqJMcp8I/getUpdates "HTTP/1.1 200 OK"
2026-03-13 01:11:37,567 INFO httpx: HTTP Request: POST https://api.telegram.org/bot8530204214:AAFUQqKUeq85zjhzxvqqW1YuV1COqJMcp8I/sendChatAction "HTTP/1.1 200 OK"
2026-03-13 01:11:42,099 INFO httpx: HTTP Request: POST https://api.telegram.org/bot8530204214:AAFUQqKUeq85zjhzxvqqW1YuV1COqJMcp8I/sendChatAction "HTTP/1.1 200 OK"
2026-03-13 01:11:45,132 INFO httpx: HTTP Request: POST https://api.telegram.org/bot8530204214:AAFUQqKUeq85zjhzxvqqW1YuV1COqJMcp8I/getUpdates "HTTP/1.1 200 OK"
2026-03-13 01:11:46,642 INFO httpx: HTTP Request: POST https://api.telegram.org/bot8530204214:AAFUQqKUeq85zjhzxvqqW1YuV1COqJMcp8I/sendChatAction "HTTP/1.1 200 OK"
2026-03-13 01:11:51,191 INFO httpx: HTTP Request: POST https://api.telegram.org/bot8530204214:AAFUQqKUeq85zjhzxvqqW1YuV1COqJMcp8I/sendChatAction "HTTP/1.1 200 OK"
2026-03-13 01:11:52,025 INFO httpx: HTTP Request: POST https://api.telegram.org/bot8530204214:AAFUQqKUeq85zjhzxvqqW1YuV1COqJMcp8I/sendMessage "HTTP/1.1 200 OK"
2026-03-13 01:11:52,560 INFO httpx: HTTP Request: POST https://api.telegram.org/bot8530204214:AAFUQqKUeq85zjhzxvqqW1YuV1COqJMcp8I/setMessageReaction "HTTP/1.1 200 OK"
2026-03-13 01:11:55,497 INFO httpx: HTTP Request: POST https://api.telegram.org/bot8530204214:AAFUQqKUeq85zjhzxvqqW1YuV1COqJMcp8I/getUpdates "HTTP/1.1 200 OK"
2026-03-13 01:12:05,854 INFO httpx: HTTP Request: POST https://api.telegram.org/bot8530204214:AAFUQqKUeq85zjhzxvqqW1YuV1COqJMcp8I/getUpdates "HTTP/1.1 200 OK"
2026-03-13 01:12:16,213 INFO httpx: HTTP Request: POST https://api.telegram.org/bot8530204214:AAFUQqKUeq85zjhzxvqqW1YuV1COqJMcp8I/getUpdates "HTTP/1.1 200 OK"
2026-03-13 01:12:26,601 INFO httpx: HTTP Request: POST https://api.telegram.org/bot8530204214:AAFUQqKUeq85zjhzxvqqW1YuV1COqJMcp8I/getUpdates "HTTP/1.1 200 OK"
2026-03-13 01:12:36,959 INFO httpx: HTTP Request: POST https://api.telegram.org/bot8530204214:AAFUQqKUeq85zjhzxvqqW1YuV1COqJMcp8I/getUpdates "HTTP/1.1 200 OK"
2026-03-13 01:12:47,370 INFO httpx: HTTP Request: POST https://api.telegram.org/bot8530204214:AAFUQqKUeq85zjhzxvqqW1YuV1COqJMcp8I/getUpdates "HTTP/1.1 200 OK"
2026-03-13 01:12:57,732 INFO httpx: HTTP Request: POST https://api.telegram.org/bot8530204214:AAFUQqKUeq85zjhzxvqqW1YuV1COqJMcp8I/getUpdates "HTTP/1.1 200 OK"
2026-03-13 01:13:08,090 INFO httpx: HTTP Request: POST https://api.telegram.org/bot8530204214:AAFUQqKUeq85zjhzxvqqW1YuV1COqJMcp8I/getUpdates "HTTP/1.1 200 OK"
2026-03-13 01:13:18,459 INFO httpx: HTTP Request: POST https://api.telegram.org/bot8530204214:AAFUQqKUeq85zjhzxvqqW1YuV1COqJMcp8I/getUpdates "HTTP/1.1 200 OK"
2026-03-13 01:13:28,837 INFO httpx: HTTP Request: POST https://api.telegram.org/bot8530204214:AAFUQqKUeq85zjhzxvqqW1YuV1COqJMcp8I/getUpdates "HTTP/1.1 200 OK"
2026-03-13 01:13:39,201 INFO httpx: HTTP Request: POST https://api.telegram.org/bot8530204214:AAFUQqKUeq85zjhzxvqqW1YuV1COqJMcp8I/getUpdates "HTTP/1.1 200 OK"
2026-03-13 01:13:49,873 INFO httpx: HTTP Request: POST https://api.telegram.org/bot8530204214:AAFUQqKUeq85zjhzxvqqW1YuV1COqJMcp8I/getUpdates "HTTP/1.1 200 OK"
2026-03-13 01:14:00,225 INFO httpx: HTTP Request: POST https://api.telegram.org/bot8530204214:AAFUQqKUeq85zjhzxvqqW1YuV1COqJMcp8I/getUpdates "HTTP/1.1 200 OK"
2026-03-13 01:14:10,592 INFO httpx: HTTP Request: POST https://api.telegram.org/bot8530204214:AAFUQqKUeq85zjhzxvqqW1YuV1COqJMcp8I/getUpdates "HTTP/1.1 200 OK"
2026-03-13 01:14:12,273 INFO httpx: HTTP Request: POST https://api.telegram.org/bot8530204214:AAFUQqKUeq85zjhzxvqqW1YuV1COqJMcp8I/getUpdates "HTTP/1.1 200 OK"
2026-03-13 01:14:12,273 INFO app.orchestrator.bot_service: update update_id=424834946 has_message=True has_channel_post=False has_edited_message=False has_callback_query=False
2026-03-13 01:14:12,273 INFO app.orchestrator.bot_service: recv chat_type=group chat_id=-5182644337 user_id=1665806363 username=redjgray0506 message_id=118 content='@GreaterPandaBot 出来，说说什么是科学发展观'
2026-03-13 01:14:13,808 INFO httpx: HTTP Request: POST https://api.telegram.org/bot8530204214:AAFUQqKUeq85zjhzxvqqW1YuV1COqJMcp8I/setMessageReaction "HTTP/1.1 200 OK"
2026-03-13 01:14:13,827 INFO app.orchestrator.bot_service: dialogue session=group:-5182644337 context_ready relation_count=0 event_count=0
2026-03-13 01:14:14,523 INFO httpx: HTTP Request: POST https://api.telegram.org/bot8530204214:AAFUQqKUeq85zjhzxvqqW1YuV1COqJMcp8I/sendChatAction "HTTP/1.1 200 OK"
2026-03-13 01:14:15,357 INFO httpx: HTTP Request: POST https://api.telegram.org/bot8530204214:AAFUQqKUeq85zjhzxvqqW1YuV1COqJMcp8I/sendMessage "HTTP/1.1 200 OK"
2026-03-13 01:14:16,427 INFO httpx: HTTP Request: POST http://111.230.32.219:8000/v1/chat/completions "HTTP/1.1 200 OK"
2026-03-13 01:14:19,064 INFO httpx: HTTP Request: POST https://api.telegram.org/bot8530204214:AAFUQqKUeq85zjhzxvqqW1YuV1COqJMcp8I/sendChatAction "HTTP/1.1 200 OK"
2026-03-13 01:14:22,638 INFO httpx: HTTP Request: POST https://api.telegram.org/bot8530204214:AAFUQqKUeq85zjhzxvqqW1YuV1COqJMcp8I/getUpdates "HTTP/1.1 200 OK"
2026-03-13 01:14:23,605 INFO httpx: HTTP Request: POST https://api.telegram.org/bot8530204214:AAFUQqKUeq85zjhzxvqqW1YuV1COqJMcp8I/sendChatAction "HTTP/1.1 200 OK"
2026-03-13 01:14:28,148 INFO httpx: HTTP Request: POST https://api.telegram.org/bot8530204214:AAFUQqKUeq85zjhzxvqqW1YuV1COqJMcp8I/sendChatAction "HTTP/1.1 200 OK"
2026-03-13 01:14:32,708 INFO httpx: HTTP Request: POST https://api.telegram.org/bot8530204214:AAFUQqKUeq85zjhzxvqqW1YuV1COqJMcp8I/sendChatAction "HTTP/1.1 200 OK"
2026-03-13 01:14:32,995 INFO httpx: HTTP Request: POST https://api.telegram.org/bot8530204214:AAFUQqKUeq85zjhzxvqqW1YuV1COqJMcp8I/getUpdates "HTTP/1.1 200 OK"
2026-03-13 01:14:37,439 INFO httpx: HTTP Request: POST https://api.telegram.org/bot8530204214:AAFUQqKUeq85zjhzxvqqW1YuV1COqJMcp8I/sendChatAction "HTTP/1.1 200 OK"
2026-03-13 01:14:41,983 INFO httpx: HTTP Request: POST https://api.telegram.org/bot8530204214:AAFUQqKUeq85zjhzxvqqW1YuV1COqJMcp8I/sendChatAction "HTTP/1.1 200 OK"
2026-03-13 01:14:43,354 INFO httpx: HTTP Request: POST https://api.telegram.org/bot8530204214:AAFUQqKUeq85zjhzxvqqW1YuV1COqJMcp8I/getUpdates "HTTP/1.1 200 OK"
2026-03-13 01:14:46,515 INFO httpx: HTTP Request: POST https://api.telegram.org/bot8530204214:AAFUQqKUeq85zjhzxvqqW1YuV1COqJMcp8I/sendChatAction "HTTP/1.1 200 OK"
2026-03-13 01:14:51,057 INFO httpx: HTTP Request: POST https://api.telegram.org/bot8530204214:AAFUQqKUeq85zjhzxvqqW1YuV1COqJMcp8I/sendChatAction "HTTP/1.1 200 OK"
2026-03-13 01:14:53,714 INFO httpx: HTTP Request: POST https://api.telegram.org/bot8530204214:AAFUQqKUeq85zjhzxvqqW1YuV1COqJMcp8I/getUpdates "HTTP/1.1 200 OK"
2026-03-13 01:14:55,598 INFO httpx: HTTP Request: POST https://api.telegram.org/bot8530204214:AAFUQqKUeq85zjhzxvqqW1YuV1COqJMcp8I/sendChatAction "HTTP/1.1 200 OK"
2026-03-13 01:15:00,133 INFO httpx: HTTP Request: POST https://api.telegram.org/bot8530204214:AAFUQqKUeq85zjhzxvqqW1YuV1COqJMcp8I/sendChatAction "HTTP/1.1 200 OK"
2026-03-13 01:15:04,166 INFO httpx: HTTP Request: POST https://api.telegram.org/bot8530204214:AAFUQqKUeq85zjhzxvqqW1YuV1COqJMcp8I/getUpdates "HTTP/1.1 200 OK"
2026-03-13 01:15:04,690 INFO httpx: HTTP Request: POST https://api.telegram.org/bot8530204214:AAFUQqKUeq85zjhzxvqqW1YuV1COqJMcp8I/sendChatAction "HTTP/1.1 200 OK"
2026-03-13 01:15:09,239 INFO httpx: HTTP Request: POST https://api.telegram.org/bot8530204214:AAFUQqKUeq85zjhzxvqqW1YuV1COqJMcp8I/sendChatAction "HTTP/1.1 200 OK"
2026-03-13 01:15:13,828 INFO httpx: HTTP Request: POST https://api.telegram.org/bot8530204214:AAFUQqKUeq85zjhzxvqqW1YuV1COqJMcp8I/sendChatAction "HTTP/1.1 200 OK"
2026-03-13 01:15:14,527 INFO httpx: HTTP Request: POST https://api.telegram.org/bot8530204214:AAFUQqKUeq85zjhzxvqqW1YuV1COqJMcp8I/getUpdates "HTTP/1.1 200 OK"
2026-03-13 01:15:16,923 INFO httpx: HTTP Request: POST https://api.telegram.org/bot8530204214:AAFUQqKUeq85zjhzxvqqW1YuV1COqJMcp8I/sendMessage "HTTP/1.1 200 OK"
2026-03-13 01:15:17,502 INFO httpx: HTTP Request: POST https://api.telegram.org/bot8530204214:AAFUQqKUeq85zjhzxvqqW1YuV1COqJMcp8I/setMessageReaction "HTTP/1.1 200 OK"
2026-03-13 01:15:24,885 INFO httpx: HTTP Request: POST https://api.telegram.org/bot8530204214:AAFUQqKUeq85zjhzxvqqW1YuV1COqJMcp8I/getUpdates "HTTP/1.1 200 OK"
2026-03-13 01:15:35,244 INFO httpx: HTTP Request: POST https://api.telegram.org/bot8530204214:AAFUQqKUeq85zjhzxvqqW1YuV1COqJMcp8I/getUpdates "HTTP/1.1 200 OK"
2026-03-13 01:15:45,608 INFO httpx: HTTP Request: POST https://api.telegram.org/bot8530204214:AAFUQqKUeq85zjhzxvqqW1YuV1COqJMcp8I/getUpdates "HTTP/1.1 200 OK"
2026-03-13 01:15:55,986 INFO httpx: HTTP Request: POST https://api.telegram.org/bot8530204214:AAFUQqKUeq85zjhzxvqqW1YuV1COqJMcp8I/getUpdates "HTTP/1.1 200 OK"
2026-03-13 01:16:06,347 INFO httpx: HTTP Request: POST https://api.telegram.org/bot8530204214:AAFUQqKUeq85zjhzxvqqW1YuV1COqJMcp8I/getUpdates "HTTP/1.1 200 OK"
2026-03-13 01:16:16,717 INFO httpx: HTTP Request: POST https://api.telegram.org/bot8530204214:AAFUQqKUeq85zjhzxvqqW1YuV1COqJMcp8I/getUpdates "HTTP/1.1 200 OK"
2026-03-13 01:16:27,080 INFO httpx: HTTP Request: POST https://api.telegram.org/bot8530204214:AAFUQqKUeq85zjhzxvqqW1YuV1COqJMcp8I/getUpdates "HTTP/1.1 200 OK"
2026-03-13 01:16:37,435 INFO httpx: HTTP Request: POST https://api.telegram.org/bot8530204214:AAFUQqKUeq85zjhzxvqqW1YuV1COqJMcp8I/getUpdates "HTTP/1.1 200 OK"
2026-03-13 01:16:47,794 INFO httpx: HTTP Request: POST https://api.telegram.org/bot8530204214:AAFUQqKUeq85zjhzxvqqW1YuV1COqJMcp8I/getUpdates "HTTP/1.1 200 OK"
2026-03-13 01:16:58,157 INFO httpx: HTTP Request: POST https://api.telegram.org/bot8530204214:AAFUQqKUeq85zjhzxvqqW1YuV1COqJMcp8I/getUpdates "HTTP/1.1 200 OK"
2026-03-13 01:17:09,231 INFO httpx: HTTP Request: POST https://api.telegram.org/bot8530204214:AAFUQqKUeq85zjhzxvqqW1YuV1COqJMcp8I/getUpdates "HTTP/1.1 200 OK"
2026-03-13 01:17:19,593 INFO httpx: HTTP Request: POST https://api.telegram.org/bot8530204214:AAFUQqKUeq85zjhzxvqqW1YuV1COqJMcp8I/getUpdates "HTTP/1.1 200 OK"
2026-03-13 01:17:30,279 INFO httpx: HTTP Request: POST https://api.telegram.org/bot8530204214:AAFUQqKUeq85zjhzxvqqW1YuV1COqJMcp8I/getUpdates "HTTP/1.1 200 OK"
2026-03-13 01:17:40,640 INFO httpx: HTTP Request: POST https://api.telegram.org/bot8530204214:AAFUQqKUeq85zjhzxvqqW1YuV1COqJMcp8I/getUpdates "HTTP/1.1 200 OK"
2026-03-13 01:17:51,497 INFO httpx: HTTP Request: POST https://api.telegram.org/bot8530204214:AAFUQqKUeq85zjhzxvqqW1YuV1COqJMcp8I/getUpdates "HTTP/1.1 200 OK"
2026-03-13 01:18:02,167 INFO httpx: HTTP Request: POST https://api.telegram.org/bot8530204214:AAFUQqKUeq85zjhzxvqqW1YuV1COqJMcp8I/getUpdates "HTTP/1.1 200 OK"
2026-03-13 01:18:12,527 INFO httpx: HTTP Request: POST https://api.telegram.org/bot8530204214:AAFUQqKUeq85zjhzxvqqW1YuV1COqJMcp8I/getUpdates "HTTP/1.1 200 OK"
2026-03-13 01:18:22,898 INFO httpx: HTTP Request: POST https://api.telegram.org/bot8530204214:AAFUQqKUeq85zjhzxvqqW1YuV1COqJMcp8I/getUpdates "HTTP/1.1 200 OK"
2026-03-13 01:18:33,258 INFO httpx: HTTP Request: POST https://api.telegram.org/bot8530204214:AAFUQqKUeq85zjhzxvqqW1YuV1COqJMcp8I/getUpdates "HTTP/1.1 200 OK"
2026-03-13 01:18:43,630 INFO httpx: HTTP Request: POST https://api.telegram.org/bot8530204214:AAFUQqKUeq85zjhzxvqqW1YuV1COqJMcp8I/getUpdates "HTTP/1.1 200 OK"
2026-03-13 01:18:53,985 INFO httpx: HTTP Request: POST https://api.telegram.org/bot8530204214:AAFUQqKUeq85zjhzxvqqW1YuV1COqJMcp8I/getUpdates "HTTP/1.1 200 OK"
2026-03-13 01:19:04,341 INFO httpx: HTTP Request: POST https://api.telegram.org/bot8530204214:AAFUQqKUeq85zjhzxvqqW1YuV1COqJMcp8I/getUpdates "HTTP/1.1 200 OK"
2026-03-13 01:19:14,699 INFO httpx: HTTP Request: POST https://api.telegram.org/bot8530204214:AAFUQqKUeq85zjhzxvqqW1YuV1COqJMcp8I/getUpdates "HTTP/1.1 200 OK"
2026-03-13 01:19:25,062 INFO httpx: HTTP Request: POST https://api.telegram.org/bot8530204214:AAFUQqKUeq85zjhzxvqqW1YuV1COqJMcp8I/getUpdates "HTTP/1.1 200 OK"
2026-03-13 01:19:35,416 INFO httpx: HTTP Request: POST https://api.telegram.org/bot8530204214:AAFUQqKUeq85zjhzxvqqW1YuV1COqJMcp8I/getUpdates "HTTP/1.1 200 OK"
2026-03-13 01:19:45,781 INFO httpx: HTTP Request: POST https://api.telegram.org/bot8530204214:AAFUQqKUeq85zjhzxvqqW1YuV1COqJMcp8I/getUpdates "HTTP/1.1 200 OK"
2026-03-13 01:19:56,154 INFO httpx: HTTP Request: POST https://api.telegram.org/bot8530204214:AAFUQqKUeq85zjhzxvqqW1YuV1COqJMcp8I/getUpdates "HTTP/1.1 200 OK"
2026-03-13 01:20:06,521 INFO httpx: HTTP Request: POST https://api.telegram.org/bot8530204214:AAFUQqKUeq85zjhzxvqqW1YuV1COqJMcp8I/getUpdates "HTTP/1.1 200 OK"
2026-03-13 01:20:16,876 INFO httpx: HTTP Request: POST https://api.telegram.org/bot8530204214:AAFUQqKUeq85zjhzxvqqW1YuV1COqJMcp8I/getUpdates "HTTP/1.1 200 OK"
2026-03-13 01:20:27,234 INFO httpx: HTTP Request: POST https://api.telegram.org/bot8530204214:AAFUQqKUeq85zjhzxvqqW1YuV1COqJMcp8I/getUpdates "HTTP/1.1 200 OK"
2026-03-13 01:20:37,591 INFO httpx: HTTP Request: POST https://api.telegram.org/bot8530204214:AAFUQqKUeq85zjhzxvqqW1YuV1COqJMcp8I/getUpdates "HTTP/1.1 200 OK"
2026-03-13 01:20:47,948 INFO httpx: HTTP Request: POST https://api.telegram.org/bot8530204214:AAFUQqKUeq85zjhzxvqqW1YuV1COqJMcp8I/getUpdates "HTTP/1.1 200 OK"
2026-03-13 01:20:59,086 INFO httpx: HTTP Request: POST https://api.telegram.org/bot8530204214:AAFUQqKUeq85zjhzxvqqW1YuV1COqJMcp8I/getUpdates "HTTP/1.1 200 OK"
2026-03-13 01:21:09,442 INFO httpx: HTTP Request: POST https://api.telegram.org/bot8530204214:AAFUQqKUeq85zjhzxvqqW1YuV1COqJMcp8I/getUpdates "HTTP/1.1 200 OK"
2026-03-13 01:21:18,227 INFO httpx: HTTP Request: POST https://api.telegram.org/bot8530204214:AAFUQqKUeq85zjhzxvqqW1YuV1COqJMcp8I/getUpdates "HTTP/1.1 200 OK"
2026-03-13 01:21:18,229 INFO app.orchestrator.bot_service: update update_id=424834947 has_message=True has_channel_post=False has_edited_message=False has_callback_query=False
2026-03-13 01:21:18,229 INFO app.orchestrator.bot_service: recv chat_type=supergroup chat_id=-1001240536564 user_id=624626087 username=Siunaus message_id=144235 content='/teach@GreaterPandaBot'
2026-03-13 01:21:19,709 INFO httpx: HTTP Request: POST https://api.telegram.org/bot8530204214:AAFUQqKUeq85zjhzxvqqW1YuV1COqJMcp8I/sendMessage "HTTP/1.1 200 OK"
2026-03-13 01:21:19,709 INFO app.orchestrator.bot_service: teach session=group:-1001240536564 started
2026-03-13 01:21:19,712 INFO app.orchestrator.bot_service: teach session=group:-1001240536564 completed result={'status': 'completed', 'messages': 0, 'time_events': 0, 'role_edges': 0}
2026-03-13 01:21:20,278 INFO httpx: HTTP Request: POST https://api.telegram.org/bot8530204214:AAFUQqKUeq85zjhzxvqqW1YuV1COqJMcp8I/sendMessage "HTTP/1.1 200 OK"
2026-03-13 01:21:28,590 INFO httpx: HTTP Request: POST https://api.telegram.org/bot8530204214:AAFUQqKUeq85zjhzxvqqW1YuV1COqJMcp8I/getUpdates "HTTP/1.1 200 OK"
2026-03-13 01:21:38,946 INFO httpx: HTTP Request: POST https://api.telegram.org/bot8530204214:AAFUQqKUeq85zjhzxvqqW1YuV1COqJMcp8I/getUpdates "HTTP/1.1 200 OK"
2026-03-13 01:21:49,303 INFO httpx: HTTP Request: POST https://api.telegram.org/bot8530204214:AAFUQqKUeq85zjhzxvqqW1YuV1COqJMcp8I/getUpdates "HTTP/1.1 200 OK"
2026-03-13 01:21:59,659 INFO httpx: HTTP Request: POST https://api.telegram.org/bot8530204214:AAFUQqKUeq85zjhzxvqqW1YuV1COqJMcp8I/getUpdates "HTTP/1.1 200 OK"
2026-03-13 01:22:10,018 INFO httpx: HTTP Request: POST https://api.telegram.org/bot8530204214:AAFUQqKUeq85zjhzxvqqW1YuV1COqJMcp8I/getUpdates "HTTP/1.1 200 OK"
2026-03-13 01:22:19,069 INFO httpx: HTTP Request: POST https://api.telegram.org/bot8530204214:AAFUQqKUeq85zjhzxvqqW1YuV1COqJMcp8I/getUpdates "HTTP/1.1 200 OK"
2026-03-13 01:22:19,071 INFO app.orchestrator.bot_service: update update_id=424834948 has_message=True has_channel_post=False has_edited_message=False has_callback_query=False
2026-03-13 01:22:19,071 INFO app.orchestrator.bot_service: recv chat_type=private chat_id=624626087 user_id=624626087 username=Siunaus message_id=121 content='/start'
2026-03-13 01:22:22,192 INFO httpx: HTTP Request: POST https://api.telegram.org/bot8530204214:AAFUQqKUeq85zjhzxvqqW1YuV1COqJMcp8I/getUpdates "HTTP/1.1 200 OK"
2026-03-13 01:22:22,587 INFO httpx: HTTP Request: POST https://api.telegram.org/bot8530204214:AAFUQqKUeq85zjhzxvqqW1YuV1COqJMcp8I/sendMessage "HTTP/1.1 200 OK"
2026-03-13 01:22:22,588 INFO app.orchestrator.bot_service: update update_id=424834949 has_message=True has_channel_post=False has_edited_message=False has_callback_query=False
2026-03-13 01:22:22,588 INFO app.orchestrator.bot_service: recv chat_type=private chat_id=624626087 user_id=624626087 username=Siunaus message_id=122 content='test'
2026-03-13 01:22:23,134 INFO httpx: HTTP Request: POST https://api.telegram.org/bot8530204214:AAFUQqKUeq85zjhzxvqqW1YuV1COqJMcp8I/setMessageReaction "HTTP/1.1 200 OK"
2026-03-13 01:22:23,140 INFO app.orchestrator.bot_service: dialogue session=private:624626087 context_ready relation_count=0 event_count=0
2026-03-13 01:22:23,715 INFO httpx: HTTP Request: POST https://api.telegram.org/bot8530204214:AAFUQqKUeq85zjhzxvqqW1YuV1COqJMcp8I/sendChatAction "HTTP/1.1 200 OK"
2026-03-13 01:22:24,717 INFO httpx: HTTP Request: POST https://api.telegram.org/bot8530204214:AAFUQqKUeq85zjhzxvqqW1YuV1COqJMcp8I/sendMessage "HTTP/1.1 200 OK"
2026-03-13 01:22:26,625 INFO httpx: HTTP Request: POST http://111.230.32.219:8000/v1/chat/completions "HTTP/1.1 200 OK"
2026-03-13 01:22:28,271 INFO httpx: HTTP Request: POST https://api.telegram.org/bot8530204214:AAFUQqKUeq85zjhzxvqqW1YuV1COqJMcp8I/sendChatAction "HTTP/1.1 200 OK"
2026-03-13 01:22:32,559 INFO httpx: HTTP Request: POST https://api.telegram.org/bot8530204214:AAFUQqKUeq85zjhzxvqqW1YuV1COqJMcp8I/getUpdates "HTTP/1.1 200 OK"
2026-03-13 01:22:32,841 INFO httpx: HTTP Request: POST https://api.telegram.org/bot8530204214:AAFUQqKUeq85zjhzxvqqW1YuV1COqJMcp8I/sendChatAction "HTTP/1.1 200 OK"
2026-03-13 01:22:37,402 INFO httpx: HTTP Request: POST https://api.telegram.org/bot8530204214:AAFUQqKUeq85zjhzxvqqW1YuV1COqJMcp8I/sendChatAction "HTTP/1.1 200 OK"
2026-03-13 01:22:41,945 INFO httpx: HTTP Request: POST https://api.telegram.org/bot8530204214:AAFUQqKUeq85zjhzxvqqW1YuV1COqJMcp8I/sendChatAction "HTTP/1.1 200 OK"
2026-03-13 01:22:42,916 INFO httpx: HTTP Request: POST https://api.telegram.org/bot8530204214:AAFUQqKUeq85zjhzxvqqW1YuV1COqJMcp8I/getUpdates "HTTP/1.1 200 OK"
2026-03-13 01:22:46,539 INFO httpx: HTTP Request: POST https://api.telegram.org/bot8530204214:AAFUQqKUeq85zjhzxvqqW1YuV1COqJMcp8I/sendChatAction "HTTP/1.1 200 OK"
2026-03-13 01:22:47,988 INFO httpx: HTTP Request: POST https://api.telegram.org/bot8530204214:AAFUQqKUeq85zjhzxvqqW1YuV1COqJMcp8I/getUpdates "HTTP/1.1 200 OK"
2026-03-13 01:22:51,097 INFO httpx: HTTP Request: POST https://api.telegram.org/bot8530204214:AAFUQqKUeq85zjhzxvqqW1YuV1COqJMcp8I/sendChatAction "HTTP/1.1 200 OK"
2026-03-13 01:22:55,658 INFO httpx: HTTP Request: POST https://api.telegram.org/bot8530204214:AAFUQqKUeq85zjhzxvqqW1YuV1COqJMcp8I/sendChatAction "HTTP/1.1 200 OK"
2026-03-13 01:22:58,343 INFO httpx: HTTP Request: POST https://api.telegram.org/bot8530204214:AAFUQqKUeq85zjhzxvqqW1YuV1COqJMcp8I/getUpdates "HTTP/1.1 200 OK"
2026-03-13 01:23:00,228 INFO httpx: HTTP Request: POST https://api.telegram.org/bot8530204214:AAFUQqKUeq85zjhzxvqqW1YuV1COqJMcp8I/sendChatAction "HTTP/1.1 200 OK"
2026-03-13 01:23:05,941 INFO httpx: HTTP Request: POST https://api.telegram.org/bot8530204214:AAFUQqKUeq85zjhzxvqqW1YuV1COqJMcp8I/sendMessage "HTTP/1.1 200 OK"
2026-03-13 01:23:06,499 INFO httpx: HTTP Request: POST https://api.telegram.org/bot8530204214:AAFUQqKUeq85zjhzxvqqW1YuV1COqJMcp8I/setMessageReaction "HTTP/1.1 200 OK"
2026-03-13 01:23:06,500 INFO app.orchestrator.bot_service: update update_id=424834950 has_message=True has_channel_post=False has_edited_message=False has_callback_query=False
2026-03-13 01:23:06,500 INFO app.orchestrator.bot_service: recv chat_type=private chat_id=624626087 user_id=624626087 username=Siunaus message_id=125 content='你是谁'
2026-03-13 01:23:07,471 INFO httpx: HTTP Request: POST https://api.telegram.org/bot8530204214:AAFUQqKUeq85zjhzxvqqW1YuV1COqJMcp8I/setMessageReaction "HTTP/1.1 200 OK"
2026-03-13 01:23:07,477 INFO app.orchestrator.bot_service: dialogue session=private:624626087 context_ready relation_count=0 event_count=0
2026-03-13 01:23:08,320 INFO httpx: HTTP Request: POST https://api.telegram.org/bot8530204214:AAFUQqKUeq85zjhzxvqqW1YuV1COqJMcp8I/sendChatAction "HTTP/1.1 200 OK"
2026-03-13 01:23:08,701 INFO httpx: HTTP Request: POST https://api.telegram.org/bot8530204214:AAFUQqKUeq85zjhzxvqqW1YuV1COqJMcp8I/getUpdates "HTTP/1.1 200 OK"
2026-03-13 01:23:10,252 INFO httpx: HTTP Request: POST https://api.telegram.org/bot8530204214:AAFUQqKUeq85zjhzxvqqW1YuV1COqJMcp8I/sendMessage "HTTP/1.1 200 OK"
2026-03-13 01:23:12,529 INFO httpx: HTTP Request: POST http://111.230.32.219:8000/v1/chat/completions "HTTP/1.1 200 OK"
2026-03-13 01:23:12,851 INFO httpx: HTTP Request: POST https://api.telegram.org/bot8530204214:AAFUQqKUeq85zjhzxvqqW1YuV1COqJMcp8I/sendChatAction "HTTP/1.1 200 OK"
2026-03-13 01:23:18,006 INFO httpx: HTTP Request: POST https://api.telegram.org/bot8530204214:AAFUQqKUeq85zjhzxvqqW1YuV1COqJMcp8I/sendChatAction "HTTP/1.1 200 OK"
2026-03-13 01:23:19,062 INFO httpx: HTTP Request: POST https://api.telegram.org/bot8530204214:AAFUQqKUeq85zjhzxvqqW1YuV1COqJMcp8I/getUpdates "HTTP/1.1 200 OK"
2026-03-13 01:23:22,551 INFO httpx: HTTP Request: POST https://api.telegram.org/bot8530204214:AAFUQqKUeq85zjhzxvqqW1YuV1COqJMcp8I/sendChatAction "HTTP/1.1 200 OK"
2026-03-13 01:23:27,081 INFO httpx: HTTP Request: POST https://api.telegram.org/bot8530204214:AAFUQqKUeq85zjhzxvqqW1YuV1COqJMcp8I/sendChatAction "HTTP/1.1 200 OK"
2026-03-13 01:23:29,420 INFO httpx: HTTP Request: POST https://api.telegram.org/bot8530204214:AAFUQqKUeq85zjhzxvqqW1YuV1COqJMcp8I/getUpdates "HTTP/1.1 200 OK"
2026-03-13 01:23:31,629 INFO httpx: HTTP Request: POST https://api.telegram.org/bot8530204214:AAFUQqKUeq85zjhzxvqqW1YuV1COqJMcp8I/sendChatAction "HTTP/1.1 200 OK"
2026-03-13 01:23:32,997 INFO httpx: HTTP Request: POST https://api.telegram.org/bot8530204214:AAFUQqKUeq85zjhzxvqqW1YuV1COqJMcp8I/getUpdates "HTTP/1.1 200 OK"
2026-03-13 01:23:32,998 INFO telegram.ext.Application: Application is stopping. This might take a moment.
